#
# A fatal error has been detected by the Java Runtime Environment:
#
#  SIGSEGV (0xb) at pc=0x00000001161c59a3, pid=4798, tid=0x0000000000000e03
#
# JRE version: Java(TM) SE Runtime Environment (8.0_121-b13) (build 1.8.0_121-b13)
# Java VM: Java HotSpot(TM) 64-Bit Server VM (25.121-b13 mixed mode bsd-amd64 compressed oops)
# Problematic frame:
# C  [librelic.dylib+0x179a3]  fp_copy+0x3
#
# Failed to write core dump. Core dumps have been disabled. To enable core dumping, try "ulimit -c unlimited" before starting Java again
#
# If you would like to submit a bug report, please visit:
#   http://bugreport.java.com/bugreport/crash.jsp
# The crash happened outside the Java Virtual Machine in native code.
# See problematic frame for where to report the bug.
#

---------------  T H R E A D  ---------------

Current thread (0x00007f8a29011000):  JavaThread "main" [_thread_in_native, id=3587, stack(0x0000700008e1d000,0x0000700008f1d000)]

siginfo: si_signo: 11 (SIGSEGV), si_code: 1 (SEGV_MAPERR), si_addr: 0x0000000000000000

Registers:
RAX=0x0000000000000000, RBX=0x0000000000000000, RCX=0x0000000000000000, RDX=0x0000000000000008
RSP=0x0000700008f1b9b8, RBP=0x0000700008f1ba00, RSI=0x00007f8a28c28bb0, RDI=0x0000000000000000
R8 =0x000000076b14d478, R9 =0x0000700008f1b978, R10=0x0000700008f1b950, R11=0x00000001161f1000
R12=0x0000000000000000, R13=0x00000001161a5534, R14=0x00007f8a28c28bb0, R15=0x29cf4413b586001e
RIP=0x00000001161c59a3, EFLAGS=0x0000000000010246, ERR=0x0000000000000006
  TRAPNO=0x000000000000000e

Top of Stack: (sp=0x0000700008f1b9b8)
0x0000700008f1b9b8:   00000001161d68cf 0000000000000000
0x0000700008f1b9c8:   00007f8a28c28bb0 0000000000000000
0x0000700008f1b9d8:   00000001161f100f 0000000000000000
0x0000700008f1b9e8:   0000700008f1b950 0000000000000002
0x0000700008f1b9f8:   00000001161a5f44 0000000000000000
0x0000700008f1ba08:   0000700008f1c418 0000700008f1bad0
0x0000700008f1ba18:   00000001161a550d 00007f8a29011000
0x0000700008f1ba28:   0000700008f1bbc0 0000700008f1bba8
0x0000700008f1ba38:   0000700008f1c418 00000001161f1000
0x0000700008f1ba48:   0000700008f1bb38 0000700008f1b950
0x0000700008f1ba58:   0000700008f1b980 0000000000000001
0x0000700008f1ba68:   0000000000000002 0000000000000002
0x0000700008f1ba78:   0000700008f1bae0 0000700008f1ba00
0x0000700008f1ba88:   0000700008f1baf0 0000000000000001
0x0000700008f1ba98:   00007f8a28c00fd0 29cf4413b586001e
0x0000700008f1baa8:   00007f8a290111f8 0000700008f1bb40
0x0000700008f1bab8:   0000700008f1bb00 0000000000000000
0x0000700008f1bac8:   0000000000000000 0000700008f1c400
0x0000700008f1bad8:   000000011619b199 0000700008f1bb30
0x0000700008f1bae8:   0000700008f1bb38 00000001161a65a0
0x0000700008f1baf8:   00000001161a65a0 0000700008f1bb30
0x0000700008f1bb08:   000000010fd8e0e7 00007f8a29011000
0x0000700008f1bb18:   00007f8a290111f8 0000700008f1c418
0x0000700008f1bb28:   00000001161f1000 0000000000000000
0x0000700008f1bb38:   00007f8a28c28bb0 0000000112d2b900
0x0000700008f1bb48:   0000000112d1b528 00007f8a29011000
0x0000700008f1bb58:   00000001161f1000 0000700008f1c418
0x0000700008f1bb68:   0000000000000002 00000001161a64c8
0x0000700008f1bb78:   0000000000000002 0000700008f1bae0
0x0000700008f1bb88:   0000700008f1baf0 0000700008f1c4c0
0x0000700008f1bb98:   0000000000000000 0000000000000000
0x0000700008f1bba8:   0000000200000002 0000700008f1baf0 

Instructions: (pc=0x00000001161c59a3)
0x00000001161c5983:   9f fe ff 48 8b 7b 08 48 83 c7 08 be 01 00 00 00
0x00000001161c5993:   e8 94 ca 05 00 90 90 90 90 90 90 90 90 48 8b 06
0x00000001161c59a3:   48 89 07 48 8b 46 08 48 89 47 08 48 8b 46 10 48
0x00000001161c59b3:   89 47 10 48 8b 46 18 48 89 47 18 48 8b 46 20 48 

Register to memory mapping:

RAX=0x0000000000000000 is an unknown value
RBX=0x0000000000000000 is an unknown value
RCX=0x0000000000000000 is an unknown value
RDX=0x0000000000000008 is an unknown value
RSP=0x0000700008f1b9b8 is pointing into the stack for thread: 0x00007f8a29011000
RBP=0x0000700008f1ba00 is pointing into the stack for thread: 0x00007f8a29011000
RSI=0x00007f8a28c28bb0 is an unknown value
RDI=0x0000000000000000 is an unknown value
R8 =0x000000076b14d478 is an oop
[C 
 - klass: {type array char}
 - length: 8
R9 =0x0000700008f1b978 is pointing into the stack for thread: 0x00007f8a29011000
R10=0x0000700008f1b950 is pointing into the stack for thread: 0x00007f8a29011000
R11=0x00000001161f1000: ep2_copy+0 in /Users/raoul/Workspace/irma/irma/build/resources/main/librelic.dylib at 0x00000001161ae000
R12=0x0000000000000000 is an unknown value
R13=0x00000001161a5534: ffi_call+0x414 in /private/var/folders/80/pn7s2vsj085b_mqsbp57jkj00000gn/T/jna-108281527/jna1051948191611044924.tmp at 0x0000000116198000
R14=0x00007f8a28c28bb0 is an unknown value
R15=0x29cf4413b586001e is an unknown value


Stack: [0x0000700008e1d000,0x0000700008f1d000],  sp=0x0000700008f1b9b8,  free space=1018k
Native frames: (J=compiled Java code, j=interpreted, Vv=VM code, C=native code)
C  [librelic.dylib+0x179a3]  fp_copy+0x3
C  0x0000700008f1c418

Java frames: (J=compiled Java code, j=interpreted, Vv=VM code)
j  com.sun.jna.Native.invokeVoid(Lcom/sun/jna/Function;JI[Ljava/lang/Object;)V+0
j  com.sun.jna.Function.invoke([Ljava/lang/Object;Ljava/lang/Class;ZI)Ljava/lang/Object;+42
j  com.sun.jna.Function.invoke(Ljava/lang/reflect/Method;[Ljava/lang/Class;Ljava/lang/Class;[Ljava/lang/Object;Ljava/util/Map;)Ljava/lang/Object;+251
j  com.sun.jna.Library$Handler.invoke(Ljava/lang/Object;Ljava/lang/reflect/Method;[Ljava/lang/Object;)Ljava/lang/Object;+344
j  com.sun.proxy.$Proxy0.ep2_copy(Lrelic/ep2_t;Lrelic/ep2_t;)V+20
j  irma.PublicKey.<init>(Lrelic/ep2_t;Lrelic/ep2_t;Lrelic/ep2_t;Ljava/util/List;)V+45
j  irma.PrivateKey.<init>(ILrelic/ep2_t;)V+264
j  relic.HelloWorld.main([Ljava/lang/String;)V+28
v  ~StubRoutines::call_stub

---------------  P R O C E S S  ---------------

Java Threads: ( => current thread )
  0x00007f8a2a85e000 JavaThread "Service Thread" daemon [_thread_blocked, id=19203, stack(0x0000700009ccd000,0x0000700009dcd000)]
  0x00007f8a29809000 JavaThread "C1 CompilerThread2" daemon [_thread_blocked, id=18691, stack(0x0000700009bca000,0x0000700009cca000)]
  0x00007f8a2a043000 JavaThread "C2 CompilerThread1" daemon [_thread_blocked, id=18179, stack(0x0000700009ac7000,0x0000700009bc7000)]
  0x00007f8a2a042000 JavaThread "C2 CompilerThread0" daemon [_thread_blocked, id=17667, stack(0x00007000099c4000,0x0000700009ac4000)]
  0x00007f8a2a82a800 JavaThread "Monitor Ctrl-Break" daemon [_thread_in_native, id=17155, stack(0x00007000098c1000,0x00007000099c1000)]
  0x00007f8a2a00b000 JavaThread "Signal Dispatcher" daemon [_thread_blocked, id=16643, stack(0x00007000097be000,0x00007000098be000)]
  0x00007f8a29048000 JavaThread "Finalizer" daemon [_thread_blocked, id=12291, stack(0x0000700009638000,0x0000700009738000)]
  0x00007f8a2a02f000 JavaThread "Reference Handler" daemon [_thread_blocked, id=11779, stack(0x0000700009535000,0x0000700009635000)]
=>0x00007f8a29011000 JavaThread "main" [_thread_in_native, id=3587, stack(0x0000700008e1d000,0x0000700008f1d000)]

Other Threads:
  0x00007f8a2903f800 VMThread [stack: 0x0000700009432000,0x0000700009532000] [id=11267]
  0x00007f8a2a05e000 WatcherThread [stack: 0x0000700009dd0000,0x0000700009ed0000] [id=19715]

VM state:not at safepoint (normal execution)

VM Mutex/Monitor currently owned by a thread: None

Heap:
 PSYoungGen      total 76288K, used 7926K [0x000000076ab00000, 0x0000000770000000, 0x00000007c0000000)
  eden space 65536K, 12% used [0x000000076ab00000,0x000000076b2bdad0,0x000000076eb00000)
  from space 10752K, 0% used [0x000000076f580000,0x000000076f580000,0x0000000770000000)
  to   space 10752K, 0% used [0x000000076eb00000,0x000000076eb00000,0x000000076f580000)
 ParOldGen       total 175104K, used 0K [0x00000006c0000000, 0x00000006cab00000, 0x000000076ab00000)
  object space 175104K, 0% used [0x00000006c0000000,0x00000006c0000000,0x00000006cab00000)
 Metaspace       used 4471K, capacity 5024K, committed 5248K, reserved 1056768K
  class space    used 505K, capacity 528K, committed 640K, reserved 1048576K

Card table byte_map: [0x00000001117c0000,0x0000000111fc1000] byte_map_base: 0x000000010e1c0000

Marking Bits: (ParMarkBitMap*) 0x000000011035fd30
 Begin Bits: [0x0000000126454000, 0x000000012a454000)
 End Bits:   [0x000000012a454000, 0x000000012e454000)

Polling page: 0x0000000110a54000

CodeCache: size=245760Kb used=1586Kb max_used=1586Kb free=244173Kb
 bounds [0x0000000117454000, 0x00000001176c4000, 0x0000000126454000]
 total_blobs=489 nmethods=217 adapters=186
 compilation: enabled

Compilation events (10 events):
Event: 0.374 Thread 0x00007f8a29809000  212       1       java.util.HashMap$Node::getKey (5 bytes)
Event: 0.374 Thread 0x00007f8a29809000 nmethod 212 0x00000001175ce690 code [0x00000001175ce7e0, 0x00000001175ce8f0]
Event: 0.374 Thread 0x00007f8a29809000  213       3       java.util.WeakHashMap::indexFor (6 bytes)
Event: 0.374 Thread 0x00007f8a29809000 nmethod 213 0x00000001175ce390 code [0x00000001175ce4e0, 0x00000001175ce610]
Event: 0.374 Thread 0x00007f8a29809000  215       3       java.util.WeakHashMap::getTable (9 bytes)
Event: 0.374 Thread 0x00007f8a29809000 nmethod 215 0x00000001175cdc50 code [0x00000001175cddc0, 0x00000001175cdf68]
Event: 0.374 Thread 0x00007f8a29809000  216   !   3       java.util.WeakHashMap::expungeStaleEntries (139 bytes)
Event: 0.375 Thread 0x00007f8a29809000 nmethod 216 0x00000001175cc910 code [0x00000001175ccae0, 0x00000001175cd608]
Event: 0.434 Thread 0x00007f8a29809000  217       1       java.lang.reflect.Method::getDeclaringClass (5 bytes)
Event: 0.434 Thread 0x00007f8a29809000 nmethod 217 0x00000001175e0e90 code [0x00000001175e0fe0, 0x00000001175e10f0]

GC Heap History (0 events):
No events

Deoptimization events (0 events):
No events

Internal exceptions (6 events):
Event: 0.045 Thread 0x00007f8a29011000 Exception <a 'java/lang/NoSuchMethodError': Method sun.misc.Unsafe.defineClass(Ljava/lang/String;[BII)Ljava/lang/Class; name or signature does not match> (0x000000076ab07ca8) thrown at [/Users/java_re/workspace/8-2-build-macosx-x86_64/jdk8u121/8372/hotspo
Event: 0.045 Thread 0x00007f8a29011000 Exception <a 'java/lang/NoSuchMethodError': Method sun.misc.Unsafe.prefetchRead(Ljava/lang/Object;J)V name or signature does not match> (0x000000076ab07f90) thrown at [/Users/java_re/workspace/8-2-build-macosx-x86_64/jdk8u121/8372/hotspot/src/share/vm/pri
Event: 0.226 Thread 0x00007f8a29011000 Exception <a 'java/security/PrivilegedActionException'> (0x000000076adc11d8) thrown at [/Users/java_re/workspace/8-2-build-macosx-x86_64/jdk8u121/8372/hotspot/src/share/vm/prims/jvm.cpp, line 1390]
Event: 0.226 Thread 0x00007f8a29011000 Exception <a 'java/security/PrivilegedActionException'> (0x000000076adc13e8) thrown at [/Users/java_re/workspace/8-2-build-macosx-x86_64/jdk8u121/8372/hotspot/src/share/vm/prims/jvm.cpp, line 1390]
Event: 0.227 Thread 0x00007f8a29011000 Exception <a 'java/security/PrivilegedActionException'> (0x000000076adc4718) thrown at [/Users/java_re/workspace/8-2-build-macosx-x86_64/jdk8u121/8372/hotspot/src/share/vm/prims/jvm.cpp, line 1390]
Event: 0.227 Thread 0x00007f8a29011000 Exception <a 'java/security/PrivilegedActionException'> (0x000000076adc4928) thrown at [/Users/java_re/workspace/8-2-build-macosx-x86_64/jdk8u121/8372/hotspot/src/share/vm/prims/jvm.cpp, line 1390]

Events (10 events):
Event: 0.346 loading class sun/reflect/UnsafeShortFieldAccessorImpl
Event: 0.346 loading class sun/reflect/UnsafeShortFieldAccessorImpl done
Event: 0.347 loading class com/sun/jna/Structure$StructureSet
Event: 0.347 loading class com/sun/jna/Structure$StructureSet done
Event: 0.373 loading class com/sun/jna/Function$PostCallRead
Event: 0.373 loading class com/sun/jna/Function$PostCallRead done
Event: 0.373 loading class irma/PrivateKey
Event: 0.373 loading class irma/PrivateKey done
Event: 0.463 loading class irma/PublicKey
Event: 0.463 loading class irma/PublicKey done


Dynamic libraries:
0x000000001a269000 	/System/Library/Frameworks/Cocoa.framework/Versions/A/Cocoa
0x000000001a269000 	/System/Library/Frameworks/Security.framework/Versions/A/Security
0x000000001a269000 	/System/Library/Frameworks/ApplicationServices.framework/Versions/A/ApplicationServices
0x000000001a269000 	/usr/lib/libz.1.dylib
0x000000001a269000 	/usr/lib/libSystem.B.dylib
0x000000001a269000 	/usr/lib/libobjc.A.dylib
0x000000001a269000 	/System/Library/Frameworks/CoreFoundation.framework/Versions/A/CoreFoundation
0x000000001a269000 	/System/Library/Frameworks/Foundation.framework/Versions/C/Foundation
0x000000001a269000 	/System/Library/Frameworks/AppKit.framework/Versions/C/AppKit
0x000000001a269000 	/System/Library/Frameworks/CoreData.framework/Versions/A/CoreData
0x000000001a269000 	/System/Library/PrivateFrameworks/RemoteViewServices.framework/Versions/A/RemoteViewServices
0x000000001a269000 	/System/Library/PrivateFrameworks/UIFoundation.framework/Versions/A/UIFoundation
0x000000001a269000 	/System/Library/PrivateFrameworks/DFRFoundation.framework/Versions/A/DFRFoundation
0x000000001a269000 	/usr/lib/libenergytrace.dylib
0x000000001a269000 	/System/Library/PrivateFrameworks/SkyLight.framework/Versions/A/SkyLight
0x000000001a269000 	/System/Library/Frameworks/CoreGraphics.framework/Versions/A/CoreGraphics
0x000000001a269000 	/usr/lib/libScreenReader.dylib
0x000000001a269000 	/System/Library/Frameworks/Accelerate.framework/Versions/A/Accelerate
0x000000001a269000 	/System/Library/Frameworks/IOSurface.framework/Versions/A/IOSurface
0x000000001a269000 	/System/Library/Frameworks/AudioToolbox.framework/Versions/A/AudioToolbox
0x000000001a269000 	/System/Library/Frameworks/AudioUnit.framework/Versions/A/AudioUnit
0x000000001a269000 	/System/Library/PrivateFrameworks/DataDetectorsCore.framework/Versions/A/DataDetectorsCore
0x000000001a269000 	/System/Library/PrivateFrameworks/DesktopServicesPriv.framework/Versions/A/DesktopServicesPriv
0x000000001a269000 	/System/Library/Frameworks/Carbon.framework/Versions/A/Frameworks/HIToolbox.framework/Versions/A/HIToolbox
0x000000001a269000 	/usr/lib/libicucore.A.dylib
0x000000001a269000 	/System/Library/Frameworks/QuartzCore.framework/Versions/A/QuartzCore
0x000000001a269000 	/System/Library/Frameworks/Carbon.framework/Versions/A/Frameworks/SpeechRecognition.framework/Versions/A/SpeechRecognition
0x000000001a269000 	/usr/lib/libauto.dylib
0x000000001a269000 	/usr/lib/libxml2.2.dylib
0x000000001a269000 	/System/Library/PrivateFrameworks/CoreUI.framework/Versions/A/CoreUI
0x000000001a269000 	/System/Library/Frameworks/CoreAudio.framework/Versions/A/CoreAudio
0x000000001a269000 	/System/Library/Frameworks/DiskArbitration.framework/Versions/A/DiskArbitration
0x000000001a269000 	/usr/lib/liblangid.dylib
0x000000001a269000 	/System/Library/PrivateFrameworks/MultitouchSupport.framework/Versions/A/MultitouchSupport
0x000000001a269000 	/System/Library/Frameworks/IOKit.framework/Versions/A/IOKit
0x000000001a269000 	/usr/lib/libDiagnosticMessagesClient.dylib
0x000000001a269000 	/System/Library/Frameworks/CoreServices.framework/Versions/A/CoreServices
0x000000001a269000 	/System/Library/PrivateFrameworks/PerformanceAnalysis.framework/Versions/A/PerformanceAnalysis
0x000000001a269000 	/System/Library/PrivateFrameworks/GenerationalStorage.framework/Versions/A/GenerationalStorage
0x000000001a269000 	/System/Library/Frameworks/OpenGL.framework/Versions/A/OpenGL
0x000000001a269000 	/System/Library/Frameworks/CoreImage.framework/Versions/A/CoreImage
0x000000001a269000 	/System/Library/Frameworks/CoreText.framework/Versions/A/CoreText
0x000000001a269000 	/System/Library/Frameworks/ImageIO.framework/Versions/A/ImageIO
0x000000001a269000 	/System/Library/PrivateFrameworks/Backup.framework/Versions/A/Backup
0x000000001a269000 	/usr/lib/libarchive.2.dylib
0x000000001a269000 	/System/Library/Frameworks/CFNetwork.framework/Versions/A/CFNetwork
0x000000001a269000 	/System/Library/Frameworks/SystemConfiguration.framework/Versions/A/SystemConfiguration
0x000000001a269000 	/usr/lib/libCRFSuite.dylib
0x000000001a269000 	/usr/lib/libc++.1.dylib
0x000000001a269000 	/usr/lib/libc++abi.dylib
0x000000001a269000 	/usr/lib/system/libcache.dylib
0x000000001a269000 	/usr/lib/system/libcommonCrypto.dylib
0x000000001a269000 	/usr/lib/system/libcompiler_rt.dylib
0x000000001a269000 	/usr/lib/system/libcopyfile.dylib
0x000000001a269000 	/usr/lib/system/libcorecrypto.dylib
0x000000001a269000 	/usr/lib/system/libdispatch.dylib
0x000000001a269000 	/usr/lib/system/libdyld.dylib
0x000000001a269000 	/usr/lib/system/libkeymgr.dylib
0x000000001a269000 	/usr/lib/system/liblaunch.dylib
0x000000001a269000 	/usr/lib/system/libmacho.dylib
0x000000001a269000 	/usr/lib/system/libquarantine.dylib
0x000000001a269000 	/usr/lib/system/libremovefile.dylib
0x000000001a269000 	/usr/lib/system/libsystem_asl.dylib
0x000000001a269000 	/usr/lib/system/libsystem_blocks.dylib
0x000000001a269000 	/usr/lib/system/libsystem_c.dylib
0x000000001a269000 	/usr/lib/system/libsystem_configuration.dylib
0x000000001a269000 	/usr/lib/system/libsystem_coreservices.dylib
0x000000001a269000 	/usr/lib/system/libsystem_coretls.dylib
0x000000001a269000 	/usr/lib/system/libsystem_dnssd.dylib
0x000000001a269000 	/usr/lib/system/libsystem_info.dylib
0x000000001a269000 	/usr/lib/system/libsystem_kernel.dylib
0x000000001a269000 	/usr/lib/system/libsystem_m.dylib
0x000000001a269000 	/usr/lib/system/libsystem_malloc.dylib
0x000000001a269000 	/usr/lib/system/libsystem_network.dylib
0x000000001a269000 	/usr/lib/system/libsystem_networkextension.dylib
0x000000001a269000 	/usr/lib/system/libsystem_notify.dylib
0x000000001a269000 	/usr/lib/system/libsystem_platform.dylib
0x000000001a269000 	/usr/lib/system/libsystem_pthread.dylib
0x000000001a269000 	/usr/lib/system/libsystem_sandbox.dylib
0x000000001a269000 	/usr/lib/system/libsystem_secinit.dylib
0x000000001a269000 	/usr/lib/system/libsystem_symptoms.dylib
0x000000001a269000 	/usr/lib/system/libsystem_trace.dylib
0x000000001a269000 	/usr/lib/system/libunwind.dylib
0x000000001a269000 	/usr/lib/system/libxpc.dylib
0x000000001a269000 	/usr/lib/libbsm.0.dylib
0x000000001a269000 	/usr/lib/system/libkxld.dylib
0x000000001a269000 	/usr/lib/libcoretls.dylib
0x000000001a269000 	/usr/lib/libcoretls_cfhelpers.dylib
0x000000001a269000 	/usr/lib/libOpenScriptingUtil.dylib
0x000000001a269000 	/usr/lib/libpam.2.dylib
0x000000001a269000 	/usr/lib/libsqlite3.dylib
0x000000001a269000 	/usr/lib/libxar.1.dylib
0x000000001a269000 	/usr/lib/libbz2.1.0.dylib
0x000000001a269000 	/usr/lib/liblzma.5.dylib
0x000000001a269000 	/usr/lib/libnetwork.dylib
0x000000001a269000 	/usr/lib/libpcap.A.dylib
0x000000001a269000 	/System/Library/Frameworks/CoreServices.framework/Versions/A/Frameworks/FSEvents.framework/Versions/A/FSEvents
0x000000001a269000 	/System/Library/Frameworks/CoreServices.framework/Versions/A/Frameworks/CarbonCore.framework/Versions/A/CarbonCore
0x000000001a269000 	/System/Library/Frameworks/CoreServices.framework/Versions/A/Frameworks/Metadata.framework/Versions/A/Metadata
0x000000001a269000 	/System/Library/Frameworks/CoreServices.framework/Versions/A/Frameworks/OSServices.framework/Versions/A/OSServices
0x000000001a269000 	/System/Library/Frameworks/CoreServices.framework/Versions/A/Frameworks/SearchKit.framework/Versions/A/SearchKit
0x000000001a269000 	/System/Library/Frameworks/CoreServices.framework/Versions/A/Frameworks/AE.framework/Versions/A/AE
0x000000001a269000 	/System/Library/Frameworks/CoreServices.framework/Versions/A/Frameworks/LaunchServices.framework/Versions/A/LaunchServices
0x000000001a269000 	/System/Library/Frameworks/CoreServices.framework/Versions/A/Frameworks/DictionaryServices.framework/Versions/A/DictionaryServices
0x000000001a269000 	/System/Library/Frameworks/CoreServices.framework/Versions/A/Frameworks/SharedFileList.framework/Versions/A/SharedFileList
0x000000001a269000 	/System/Library/Frameworks/NetFS.framework/Versions/A/NetFS
0x000000001a269000 	/System/Library/PrivateFrameworks/NetAuth.framework/Versions/A/NetAuth
0x000000001a269000 	/System/Library/PrivateFrameworks/login.framework/Versions/A/Frameworks/loginsupport.framework/Versions/A/loginsupport
0x000000001a269000 	/System/Library/PrivateFrameworks/TCC.framework/Versions/A/TCC
0x000000001a269000 	/usr/lib/libmecabra.dylib
0x000000001a269000 	/System/Library/Frameworks/ApplicationServices.framework/Versions/A/Frameworks/ATS.framework/Versions/A/ATS
0x000000001a269000 	/System/Library/Frameworks/ApplicationServices.framework/Versions/A/Frameworks/ColorSync.framework/Versions/A/ColorSync
0x000000001a269000 	/System/Library/Frameworks/ApplicationServices.framework/Versions/A/Frameworks/HIServices.framework/Versions/A/HIServices
0x000000001a269000 	/System/Library/Frameworks/ApplicationServices.framework/Versions/A/Frameworks/LangAnalysis.framework/Versions/A/LangAnalysis
0x000000001a269000 	/System/Library/Frameworks/ApplicationServices.framework/Versions/A/Frameworks/PrintCore.framework/Versions/A/PrintCore
0x000000001a269000 	/System/Library/Frameworks/ApplicationServices.framework/Versions/A/Frameworks/QD.framework/Versions/A/QD
0x000000001a269000 	/System/Library/Frameworks/ApplicationServices.framework/Versions/A/Frameworks/SpeechSynthesis.framework/Versions/A/SpeechSynthesis
0x000000001a269000 	/System/Library/Frameworks/Accelerate.framework/Versions/A/Frameworks/vImage.framework/Versions/A/vImage
0x000000001a269000 	/System/Library/Frameworks/Accelerate.framework/Versions/A/Frameworks/vecLib.framework/Versions/A/vecLib
0x000000001a269000 	/System/Library/Frameworks/Accelerate.framework/Versions/A/Frameworks/vecLib.framework/Versions/A/libvDSP.dylib
0x000000001a269000 	/System/Library/Frameworks/Accelerate.framework/Versions/A/Frameworks/vecLib.framework/Versions/A/libBNNS.dylib
0x000000001a269000 	/System/Library/Frameworks/Accelerate.framework/Versions/A/Frameworks/vecLib.framework/Versions/A/libQuadrature.dylib
0x000000001a269000 	/System/Library/Frameworks/Accelerate.framework/Versions/A/Frameworks/vecLib.framework/Versions/A/libvMisc.dylib
0x000000001a269000 	/System/Library/Frameworks/Accelerate.framework/Versions/A/Frameworks/vecLib.framework/Versions/A/libLAPACK.dylib
0x000000001a269000 	/System/Library/Frameworks/Accelerate.framework/Versions/A/Frameworks/vecLib.framework/Versions/A/libBLAS.dylib
0x000000001a269000 	/System/Library/Frameworks/Accelerate.framework/Versions/A/Frameworks/vecLib.framework/Versions/A/libLinearAlgebra.dylib
0x000000001a269000 	/System/Library/Frameworks/Accelerate.framework/Versions/A/Frameworks/vecLib.framework/Versions/A/libSparseBLAS.dylib
0x000000001a269000 	/System/Library/Frameworks/ApplicationServices.framework/Versions/A/Frameworks/ATS.framework/Versions/A/Resources/libFontParser.dylib
0x000000001a269000 	/System/Library/Frameworks/ApplicationServices.framework/Versions/A/Frameworks/ATS.framework/Versions/A/Resources/libFontRegistry.dylib
0x000000001a269000 	/System/Library/Frameworks/ImageIO.framework/Versions/A/Resources/libJPEG.dylib
0x000000001a269000 	/System/Library/Frameworks/ImageIO.framework/Versions/A/Resources/libTIFF.dylib
0x000000001a269000 	/System/Library/Frameworks/ImageIO.framework/Versions/A/Resources/libPng.dylib
0x000000001a269000 	/System/Library/Frameworks/ImageIO.framework/Versions/A/Resources/libGIF.dylib
0x000000001a269000 	/System/Library/Frameworks/ImageIO.framework/Versions/A/Resources/libJP2.dylib
0x000000001a269000 	/System/Library/Frameworks/ImageIO.framework/Versions/A/Resources/libRadiance.dylib
0x000000001a269000 	/usr/lib/libcompression.dylib
0x000000001a269000 	/System/Library/PrivateFrameworks/AppleJPEG.framework/Versions/A/AppleJPEG
0x000000001a269000 	/usr/lib/libcups.2.dylib
0x000000001a269000 	/System/Library/Frameworks/Kerberos.framework/Versions/A/Kerberos
0x000000001a269000 	/System/Library/Frameworks/GSS.framework/Versions/A/GSS
0x000000001a269000 	/usr/lib/libresolv.9.dylib
0x000000001a269000 	/usr/lib/libiconv.2.dylib
0x000000001a269000 	/System/Library/PrivateFrameworks/Heimdal.framework/Versions/A/Heimdal
0x000000001a269000 	/usr/lib/libheimdal-asn1.dylib
0x000000001a269000 	/System/Library/Frameworks/OpenDirectory.framework/Versions/A/OpenDirectory
0x000000001a269000 	/System/Library/PrivateFrameworks/CommonAuth.framework/Versions/A/CommonAuth
0x000000001a269000 	/System/Library/Frameworks/OpenDirectory.framework/Versions/A/Frameworks/CFOpenDirectory.framework/Versions/A/CFOpenDirectory
0x000000001a269000 	/System/Library/Frameworks/SecurityFoundation.framework/Versions/A/SecurityFoundation
0x000000001a269000 	/System/Library/PrivateFrameworks/LanguageModeling.framework/Versions/A/LanguageModeling
0x000000001a269000 	/usr/lib/libmarisa.dylib
0x000000001a269000 	/usr/lib/libChineseTokenizer.dylib
0x000000001a269000 	/usr/lib/libcmph.dylib
0x000000001a269000 	/System/Library/PrivateFrameworks/CoreEmoji.framework/Versions/A/CoreEmoji
0x000000001a269000 	/System/Library/Frameworks/ServiceManagement.framework/Versions/A/ServiceManagement
0x000000001a269000 	/usr/lib/libxslt.1.dylib
0x000000001a269000 	/System/Library/Frameworks/Carbon.framework/Versions/A/Frameworks/Ink.framework/Versions/A/Ink
0x000000001a269000 	/System/Library/PrivateFrameworks/TextureIO.framework/Versions/A/TextureIO
0x000000001a269000 	/System/Library/Frameworks/Metal.framework/Versions/A/Metal
0x000000001a269000 	/usr/lib/libate.dylib
0x000000001a269000 	/System/Library/PrivateFrameworks/GPUCompiler.framework/libmetal_timestamp.dylib
0x000000001a269000 	/System/Library/Frameworks/OpenGL.framework/Versions/A/Libraries/libCoreFSCache.dylib
0x000000001a269000 	/System/Library/PrivateFrameworks/IOAccelerator.framework/Versions/A/IOAccelerator
0x000000001a269000 	/System/Library/Frameworks/CoreVideo.framework/Versions/A/CoreVideo
0x000000001a269000 	/usr/lib/libFosl_dynamic.dylib
0x000000001a269000 	/System/Library/PrivateFrameworks/MetalPerformanceShaders.framework/Versions/A/MetalPerformanceShaders
0x000000001a269000 	/System/Library/PrivateFrameworks/FaceCore.framework/Versions/A/FaceCore
0x000000001a269000 	/System/Library/Frameworks/OpenCL.framework/Versions/A/OpenCL
0x000000001a269000 	/System/Library/Frameworks/OpenGL.framework/Versions/A/Libraries/libGLU.dylib
0x000000001a269000 	/System/Library/Frameworks/OpenGL.framework/Versions/A/Libraries/libGFXShared.dylib
0x000000001a269000 	/System/Library/Frameworks/OpenGL.framework/Versions/A/Libraries/libGL.dylib
0x000000001a269000 	/System/Library/Frameworks/OpenGL.framework/Versions/A/Libraries/libGLImage.dylib
0x000000001a269000 	/System/Library/Frameworks/OpenGL.framework/Versions/A/Libraries/libCVMSPluginSupport.dylib
0x000000001a269000 	/System/Library/Frameworks/OpenGL.framework/Versions/A/Libraries/libCoreVMClient.dylib
0x000000001a269000 	/System/Library/PrivateFrameworks/CrashReporterSupport.framework/Versions/A/CrashReporterSupport
0x000000001a269000 	/System/Library/PrivateFrameworks/Sharing.framework/Versions/A/Sharing
0x000000001a269000 	/System/Library/PrivateFrameworks/IconServices.framework/Versions/A/IconServices
0x000000001a269000 	/System/Library/PrivateFrameworks/ProtocolBuffer.framework/Versions/A/ProtocolBuffer
0x000000001a269000 	/System/Library/PrivateFrameworks/Apple80211.framework/Versions/A/Apple80211
0x000000001a269000 	/System/Library/Frameworks/CoreWLAN.framework/Versions/A/CoreWLAN
0x000000001a269000 	/System/Library/PrivateFrameworks/CoreUtils.framework/Versions/A/CoreUtils
0x000000001a269000 	/System/Library/Frameworks/IOBluetooth.framework/Versions/A/IOBluetooth
0x000000001a269000 	/System/Library/PrivateFrameworks/CoreWiFi.framework/Versions/A/CoreWiFi
0x000000001a269000 	/System/Library/Frameworks/CoreBluetooth.framework/Versions/A/CoreBluetooth
0x000000001a269000 	/System/Library/Frameworks/CoreDisplay.framework/Versions/A/CoreDisplay
0x000000001a269000 	/System/Library/PrivateFrameworks/IOPresentment.framework/Versions/A/IOPresentment
0x000000001a269000 	/System/Library/PrivateFrameworks/DSExternalDisplay.framework/Versions/A/DSExternalDisplay
0x000000001a269000 	/System/Library/PrivateFrameworks/DebugSymbols.framework/Versions/A/DebugSymbols
0x000000001a269000 	/System/Library/PrivateFrameworks/CoreSymbolication.framework/Versions/A/CoreSymbolication
0x000000001a269000 	/System/Library/PrivateFrameworks/Symbolication.framework/Versions/A/Symbolication
0x000000001a269000 	/System/Library/PrivateFrameworks/AppleFSCompression.framework/Versions/A/AppleFSCompression
0x000000001a269000 	/System/Library/PrivateFrameworks/SpeechRecognitionCore.framework/Versions/A/SpeechRecognitionCore
0x000000001a269000 	/System/Library/PrivateFrameworks/ChunkingLibrary.framework/Versions/A/ChunkingLibrary
0x000000010fa6f000 	/Library/Java/JavaVirtualMachines/jdk1.8.0_121.jdk/Contents/Home/jre/lib/server/libjvm.dylib
0x000000001a269000 	/usr/lib/libstdc++.6.dylib
0x0000000110a11000 	/Library/Java/JavaVirtualMachines/jdk1.8.0_121.jdk/Contents/Home/jre/lib/libverify.dylib
0x0000000110a1f000 	/Library/Java/JavaVirtualMachines/jdk1.8.0_121.jdk/Contents/Home/jre/lib/libjava.dylib
0x0000000110a55000 	/Library/Java/JavaVirtualMachines/jdk1.8.0_121.jdk/Contents/Home/jre/lib/libinstrument.dylib
0x0000000110ab3000 	/Library/Java/JavaVirtualMachines/jdk1.8.0_121.jdk/Contents/Home/jre/lib/libzip.dylib
0x00000001146cd000 	/System/Library/Frameworks/JavaVM.framework/Frameworks/JavaRuntimeSupport.framework/JavaRuntimeSupport
0x00000001146e7000 	/System/Library/Frameworks/JavaVM.framework/Versions/A/Frameworks/JavaNativeFoundation.framework/Versions/A/JavaNativeFoundation
0x00000001146fc000 	/System/Library/Frameworks/JavaVM.framework/Versions/A/JavaVM
0x000000001a269000 	/System/Library/Frameworks/Carbon.framework/Versions/A/Carbon
0x0000000114709000 	/System/Library/PrivateFrameworks/JavaLaunching.framework/Versions/A/JavaLaunching
0x000000001a269000 	/System/Library/Frameworks/Carbon.framework/Versions/A/Frameworks/CommonPanels.framework/Versions/A/CommonPanels
0x000000001a269000 	/System/Library/Frameworks/Carbon.framework/Versions/A/Frameworks/Help.framework/Versions/A/Help
0x000000001a269000 	/System/Library/Frameworks/Carbon.framework/Versions/A/Frameworks/ImageCapture.framework/Versions/A/ImageCapture
0x000000001a269000 	/System/Library/Frameworks/Carbon.framework/Versions/A/Frameworks/OpenScripting.framework/Versions/A/OpenScripting
0x000000001a269000 	/System/Library/Frameworks/Carbon.framework/Versions/A/Frameworks/Print.framework/Versions/A/Print
0x000000001a269000 	/System/Library/Frameworks/Carbon.framework/Versions/A/Frameworks/SecurityHI.framework/Versions/A/SecurityHI
0x0000000116135000 	/Library/Java/JavaVirtualMachines/jdk1.8.0_121.jdk/Contents/Home/jre/lib/libnet.dylib
0x0000000116198000 	/private/var/folders/80/pn7s2vsj085b_mqsbp57jkj00000gn/T/jna-108281527/jna1051948191611044924.tmp
0x00000001161ae000 	/Users/raoul/Workspace/irma/irma/build/resources/main/librelic.dylib

VM Arguments:
jvm_args: -javaagent:/Applications/IntelliJ IDEA CE.app/Contents/lib/idea_rt.jar=64390:/Applications/IntelliJ IDEA CE.app/Contents/bin -Dfile.encoding=UTF-8 
java_command: relic.HelloWorld
java_class_path (initial): /Library/Java/JavaVirtualMachines/jdk1.8.0_121.jdk/Contents/Home/jre/lib/charsets.jar:/Library/Java/JavaVirtualMachines/jdk1.8.0_121.jdk/Contents/Home/jre/lib/deploy.jar:/Library/Java/JavaVirtualMachines/jdk1.8.0_121.jdk/Contents/Home/jre/lib/ext/cldrdata.jar:/Library/Java/JavaVirtualMachines/jdk1.8.0_121.jdk/Contents/Home/jre/lib/ext/dnsns.jar:/Library/Java/JavaVirtualMachines/jdk1.8.0_121.jdk/Contents/Home/jre/lib/ext/jaccess.jar:/Library/Java/JavaVirtualMachines/jdk1.8.0_121.jdk/Contents/Home/jre/lib/ext/jfxrt.jar:/Library/Java/JavaVirtualMachines/jdk1.8.0_121.jdk/Contents/Home/jre/lib/ext/localedata.jar:/Library/Java/JavaVirtualMachines/jdk1.8.0_121.jdk/Contents/Home/jre/lib/ext/nashorn.jar:/Library/Java/JavaVirtualMachines/jdk1.8.0_121.jdk/Contents/Home/jre/lib/ext/sunec.jar:/Library/Java/JavaVirtualMachines/jdk1.8.0_121.jdk/Contents/Home/jre/lib/ext/sunjce_provider.jar:/Library/Java/JavaVirtualMachines/jdk1.8.0_121.jdk/Contents/Home/jre/lib/ext/sunpkcs11.jar:/Library/Java/JavaVirtualMachines/jdk1.8.0_121.jdk/Contents/Home/jre/lib/ext/zipfs.jar:/Library/Java/JavaVirtualMachines/jdk1.8.0_121.jdk/Contents/Home/jre/lib/javaws.jar:/Library/Java/JavaVirtualMachines/jdk1.8.0_121.jdk/Contents/Home/jre/lib/jce.jar:/Library/Java/JavaVirtualMachines/jdk1.8.0_121.jdk/Contents/Home/jre/lib/jfr.jar:/Library/Java/JavaVirtualMachines/jdk1.8.0_121.jdk/Contents/Home/jre/lib/jfxswt.jar:/Library/Java/JavaVirtualMachines/jdk1.8.0_121.jdk/Contents/Home/jre/lib/jsse.jar:/Library/Java/JavaVirtualMachines/jdk1.8.0_121.jdk/Contents/Home/jre/lib/management-agent.jar:/Library/Java/JavaVirtualMachines/jdk1.8.0_121.jdk/Contents/Home/jre/lib/plugin.jar:/Library/Java/JavaVirtualMachines/jdk1.8.0_121.jdk/Contents/Home/jre/lib/resources.jar:/Library/Java/JavaVirtualMachines/jdk1.8.0_121.jdk/Contents/Home/jre/lib/rt.jar:/Library/Java/JavaVirtualMachines/jdk1.8.0_121.jdk/Contents/Home/lib/ant-javafx.jar:/Library/Java/JavaVirtualMachines/jdk1.8.0_121.jdk/Contents/Home
Launcher Type: SUN_STANDARD

Environment Variables:
PATH=/usr/local/bin:/Users/raoul/.rvm/gems/ruby-2.1.2/bin:/Users/raoul/.rvm/gems/ruby-2.1.2@global/bin:/Users/raoul/.rvm/rubies/ruby-2.1.2/bin:/usr/bin:/bin:/usr/sbin:/sbin:/usr/local/bin:~/bin:/usr/texbin:/Users/raoul/.rvm/bin:/Applications/HP_Fortify/HP_Fortify_SCA_and_Apps_4.10/bin:/Applications/HP_Fortify/HP_Fortify_SCA_and_Apps_4.10/bin
SHELL=/bin/bash

Signal Handlers:
SIGSEGV: [libjvm.dylib+0x5b1141], sa_mask[0]=11111111011111110111111111111111, sa_flags=SA_ONSTACK|SA_RESTART|SA_SIGINFO
SIGBUS: [libjvm.dylib+0x5b1141], sa_mask[0]=11111111011111110111111111111111, sa_flags=SA_RESTART|SA_SIGINFO
SIGFPE: [libjvm.dylib+0x487bc4], sa_mask[0]=11111111011111110111111111111111, sa_flags=SA_RESTART|SA_SIGINFO
SIGPIPE: [libjvm.dylib+0x487bc4], sa_mask[0]=11111111011111110111111111111111, sa_flags=SA_RESTART|SA_SIGINFO
SIGXFSZ: [libjvm.dylib+0x487bc4], sa_mask[0]=11111111011111110111111111111111, sa_flags=SA_RESTART|SA_SIGINFO
SIGILL: [libjvm.dylib+0x487bc4], sa_mask[0]=11111111011111110111111111111111, sa_flags=SA_RESTART|SA_SIGINFO
SIGUSR1: SIG_DFL, sa_mask[0]=00000000000000000000000000000000, sa_flags=none
SIGUSR2: [libjvm.dylib+0x4876e2], sa_mask[0]=00100000000000000000000000000000, sa_flags=SA_RESTART|SA_SIGINFO
SIGHUP: [libjvm.dylib+0x485cb9], sa_mask[0]=11111111011111110111111111111111, sa_flags=SA_RESTART|SA_SIGINFO
SIGINT: [libjvm.dylib+0x485cb9], sa_mask[0]=11111111011111110111111111111111, sa_flags=SA_RESTART|SA_SIGINFO
SIGTERM: [libjvm.dylib+0x485cb9], sa_mask[0]=11111111011111110111111111111111, sa_flags=SA_RESTART|SA_SIGINFO
SIGQUIT: [libjvm.dylib+0x485cb9], sa_mask[0]=11111111011111110111111111111111, sa_flags=SA_RESTART|SA_SIGINFO


---------------  S Y S T E M  ---------------

OS:Bsduname:Darwin 16.5.0 Darwin Kernel Version 16.5.0: Fri Mar  3 16:52:33 PST 2017; root:xnu-3789.51.2~3/RELEASE_X86_64 x86_64
rlimit: STACK 8192k, CORE 0k, NPROC 709, NOFILE 10240, AS infinity
load average:3.01 2.32 2.09

CPU:total 4 (2 cores per cpu, 2 threads per core) family 6 model 69 stepping 1, cmov, cx8, fxsr, mmx, sse, sse2, sse3, ssse3, sse4.1, sse4.2, popcnt, avx, avx2, aes, clmul, erms, lzcnt, ht, tsc, tscinvbit, bmi1, bmi2

Memory: 4k page, physical 16777216k(1935740k free)

/proc/meminfo:


vm_info: Java HotSpot(TM) 64-Bit Server VM (25.121-b13) for bsd-amd64 JRE (1.8.0_121-b13), built on Dec 12 2016 20:39:32 by "java_re" with gcc 4.2.1 (Based on Apple Inc. build 5658) (LLVM build 2336.11.00)

time: Sat May  6 18:01:39 2017
elapsed time: 0 seconds (0d 0h 0m 0s)

