#
# A fatal error has been detected by the Java Runtime Environment:
#
#  SIGSEGV (0xb) at pc=0x000000012794d9a3, pid=4723, tid=0x0000000000001c03
#
# JRE version: Java(TM) SE Runtime Environment (8.0_121-b13) (build 1.8.0_121-b13)
# Java VM: Java HotSpot(TM) 64-Bit Server VM (25.121-b13 mixed mode bsd-amd64 compressed oops)
# Problematic frame:
# C  [librelic.dylib+0x179a3]  fp_copy+0x3
#
# Failed to write core dump. Core dumps have been disabled. To enable core dumping, try "ulimit -c unlimited" before starting Java again
#
# If you would like to submit a bug report, please visit:
#   http://bugreport.java.com/bugreport/crash.jsp
# The crash happened outside the Java Virtual Machine in native code.
# See problematic frame for where to report the bug.
#

---------------  T H R E A D  ---------------

Current thread (0x00007fc0bd806000):  JavaThread "main" [_thread_in_native, id=7171, stack(0x000070000285c000,0x000070000295c000)]

siginfo: si_signo: 11 (SIGSEGV), si_code: 1 (SEGV_MAPERR), si_addr: 0x0000000000000000

Registers:
RAX=0x0000000000000000, RBX=0x0000000000000000, RCX=0x0000000000000000, RDX=0x0000000000000008
RSP=0x000070000295a988, RBP=0x000070000295a9d0, RSI=0x00007fc0bc5378c0, RDI=0x0000000000000000
R8 =0x000000076b14a170, R9 =0x000070000295a948, R10=0x000070000295a920, R11=0x0000000127979000
R12=0x0000000000000000, R13=0x0000000116e8f534, R14=0x00007fc0bc5378c0, R15=0xcfba0e69ddab0070
RIP=0x000000012794d9a3, EFLAGS=0x0000000000010246, ERR=0x0000000000000006
  TRAPNO=0x000000000000000e

Top of Stack: (sp=0x000070000295a988)
0x000070000295a988:   000000012795e8cf 0000000000000000
0x000070000295a998:   00007fc0bc5378c0 0000000000000000
0x000070000295a9a8:   000000012797900f 0000000000000000
0x000070000295a9b8:   000070000295a920 0000000000000002
0x000070000295a9c8:   0000000116e8ff44 0000000000000000
0x000070000295a9d8:   000070000295b3e8 000070000295aaa0
0x000070000295a9e8:   0000000116e8f50d 00007fc0bd806000
0x000070000295a9f8:   000070000295ab90 000070000295ab78
0x000070000295aa08:   000070000295b3e8 0000000127979000
0x000070000295aa18:   000070000295ab08 000070000295a920
0x000070000295aa28:   000070000295a950 0000000000000001
0x000070000295aa38:   0000000000000002 0000000000000002
0x000070000295aa48:   000070000295aab0 000070000295a9d0
0x000070000295aa58:   000070000295aac0 0000000000000001
0x000070000295aa68:   00007fc0bc70d790 cfba0e69ddab0070
0x000070000295aa78:   00007fc0bd8061f8 000070000295ab10
0x000070000295aa88:   000070000295aad0 0000000000000000
0x000070000295aa98:   0000000000000000 000070000295b3d0
0x000070000295aaa8:   0000000116e85199 000070000295ab00
0x000070000295aab8:   000070000295ab08 0000000116e905a0
0x000070000295aac8:   0000000116e905a0 000070000295ab00
0x000070000295aad8:   000000010a3310e7 00007fc0bd806000
0x000070000295aae8:   00007fc0bd8061f8 000070000295b3e8
0x000070000295aaf8:   0000000127979000 0000000000000000
0x000070000295ab08:   00007fc0bc5378c0 0000000000000000
0x000070000295ab18:   00000001151d0528 00007fc0bd806000
0x000070000295ab28:   0000000127979000 000070000295b3e8
0x000070000295ab38:   0000000000000002 0000000116e904c8
0x000070000295ab48:   0000000000000002 000070000295aab0
0x000070000295ab58:   000070000295aac0 000070000295b490
0x000070000295ab68:   0000000000000000 0000000000000000
0x000070000295ab78:   0000000200000002 000070000295aac0 

Instructions: (pc=0x000000012794d9a3)
0x000000012794d983:   9f fe ff 48 8b 7b 08 48 83 c7 08 be 01 00 00 00
0x000000012794d993:   e8 94 ca 05 00 90 90 90 90 90 90 90 90 48 8b 06
0x000000012794d9a3:   48 89 07 48 8b 46 08 48 89 47 08 48 8b 46 10 48
0x000000012794d9b3:   89 47 10 48 8b 46 18 48 89 47 18 48 8b 46 20 48 

Register to memory mapping:

RAX=0x0000000000000000 is an unknown value
RBX=0x0000000000000000 is an unknown value
RCX=0x0000000000000000 is an unknown value
RDX=0x0000000000000008 is an unknown value
RSP=0x000070000295a988 is pointing into the stack for thread: 0x00007fc0bd806000
RBP=0x000070000295a9d0 is pointing into the stack for thread: 0x00007fc0bd806000
RSI=0x00007fc0bc5378c0 is an unknown value
RDI=0x0000000000000000 is an unknown value
R8 =0x000000076b14a170 is an oop
[C 
 - klass: {type array char}
 - length: 8
R9 =0x000070000295a948 is pointing into the stack for thread: 0x00007fc0bd806000
R10=0x000070000295a920 is pointing into the stack for thread: 0x00007fc0bd806000
R11=0x0000000127979000: ep2_copy+0 in /Users/raoul/Workspace/irma/irma/build/resources/main/librelic.dylib at 0x0000000127936000
R12=0x0000000000000000 is an unknown value
R13=0x0000000116e8f534: ffi_call+0x414 in /private/var/folders/80/pn7s2vsj085b_mqsbp57jkj00000gn/T/jna-108281527/jna5852489934555819026.tmp at 0x0000000116e82000
R14=0x00007fc0bc5378c0 is an unknown value
R15=0xcfba0e69ddab0070 is an unknown value


Stack: [0x000070000285c000,0x000070000295c000],  sp=0x000070000295a988,  free space=1018k
Native frames: (J=compiled Java code, j=interpreted, Vv=VM code, C=native code)
C  [librelic.dylib+0x179a3]  fp_copy+0x3
C  0x000070000295b3e8

Java frames: (J=compiled Java code, j=interpreted, Vv=VM code)
j  com.sun.jna.Native.invokeVoid(Lcom/sun/jna/Function;JI[Ljava/lang/Object;)V+0
j  com.sun.jna.Function.invoke([Ljava/lang/Object;Ljava/lang/Class;ZI)Ljava/lang/Object;+42
j  com.sun.jna.Function.invoke(Ljava/lang/reflect/Method;[Ljava/lang/Class;Ljava/lang/Class;[Ljava/lang/Object;Ljava/util/Map;)Ljava/lang/Object;+251
j  com.sun.jna.Library$Handler.invoke(Ljava/lang/Object;Ljava/lang/reflect/Method;[Ljava/lang/Object;)Ljava/lang/Object;+344
j  com.sun.proxy.$Proxy0.ep2_copy(Lrelic/ep2_t;Lrelic/ep2_t;)V+20
j  irma.PublicKey.<init>(Lrelic/ep2_t;Lrelic/ep2_t;Lrelic/ep2_t;Ljava/util/List;)V+45
j  irma.PrivateKey.<init>(ILrelic/ep2_t;)V+264
j  relic.HelloWorld.main([Ljava/lang/String;)V+28
v  ~StubRoutines::call_stub

---------------  P R O C E S S  ---------------

Java Threads: ( => current thread )
  0x00007fc0bd009000 JavaThread "Service Thread" daemon [_thread_blocked, id=18947, stack(0x0000700003583000,0x0000700003683000)]
  0x00007fc0bc856000 JavaThread "C1 CompilerThread2" daemon [_thread_blocked, id=18435, stack(0x0000700003480000,0x0000700003580000)]
  0x00007fc0be05b800 JavaThread "C2 CompilerThread1" daemon [_thread_blocked, id=17923, stack(0x000070000337d000,0x000070000347d000)]
  0x00007fc0be05b000 JavaThread "C2 CompilerThread0" daemon [_thread_blocked, id=17411, stack(0x000070000327a000,0x000070000337a000)]
  0x00007fc0bd81a800 JavaThread "Monitor Ctrl-Break" daemon [_thread_in_native, id=16899, stack(0x0000700003177000,0x0000700003277000)]
  0x00007fc0bc804800 JavaThread "Signal Dispatcher" daemon [_thread_blocked, id=16387, stack(0x0000700003074000,0x0000700003174000)]
  0x00007fc0be017000 JavaThread "Finalizer" daemon [_thread_blocked, id=12547, stack(0x0000700002f71000,0x0000700003071000)]
  0x00007fc0be014800 JavaThread "Reference Handler" daemon [_thread_blocked, id=12035, stack(0x0000700002e6e000,0x0000700002f6e000)]
=>0x00007fc0bd806000 JavaThread "main" [_thread_in_native, id=7171, stack(0x000070000285c000,0x000070000295c000)]

Other Threads:
  0x00007fc0be00f800 VMThread [stack: 0x0000700002d6b000,0x0000700002e6b000] [id=11523]
  0x00007fc0bc856800 WatcherThread [stack: 0x0000700003686000,0x0000700003786000] [id=19459]

VM state:not at safepoint (normal execution)

VM Mutex/Monitor currently owned by a thread: None

Heap:
 PSYoungGen      total 76288K, used 7926K [0x000000076ab00000, 0x0000000770000000, 0x00000007c0000000)
  eden space 65536K, 12% used [0x000000076ab00000,0x000000076b2bdae8,0x000000076eb00000)
  from space 10752K, 0% used [0x000000076f580000,0x000000076f580000,0x0000000770000000)
  to   space 10752K, 0% used [0x000000076eb00000,0x000000076eb00000,0x000000076f580000)
 ParOldGen       total 175104K, used 0K [0x00000006c0000000, 0x00000006cab00000, 0x000000076ab00000)
  object space 175104K, 0% used [0x00000006c0000000,0x00000006c0000000,0x00000006cab00000)
 Metaspace       used 4469K, capacity 5024K, committed 5248K, reserved 1056768K
  class space    used 505K, capacity 528K, committed 640K, reserved 1048576K

Card table byte_map: [0x000000010bc25000,0x000000010c426000] byte_map_base: 0x0000000108625000

Marking Bits: (ParMarkBitMap*) 0x000000010a902d30
 Begin Bits: [0x000000010c97c000, 0x000000011097c000)
 End Bits:   [0x000000011097c000, 0x000000011497c000)

Polling page: 0x000000010aff7000

CodeCache: size=245760Kb used=1522Kb max_used=1522Kb free=244237Kb
 bounds [0x000000011707d000, 0x00000001172ed000, 0x000000012607d000]
 total_blobs=492 nmethods=220 adapters=186
 compilation: enabled

Compilation events (10 events):
Event: 0.521 Thread 0x00007fc0bc856000  216       3       java.util.HashMap::newNode (13 bytes)
Event: 0.521 Thread 0x00007fc0bc856000 nmethod 216 0x00000001171f7fd0 code [0x00000001171f8140, 0x00000001171f83f0]
Event: 0.521 Thread 0x00007fc0bc856000  217       3       java.util.HashMap::afterNodeInsertion (1 bytes)
Event: 0.521 Thread 0x00007fc0bc856000 nmethod 217 0x00000001171f8510 code [0x00000001171f8660, 0x00000001171f87b0]
Event: 0.532 Thread 0x00007fc0bc856000  218       1       java.util.HashMap$Node::getKey (5 bytes)
Event: 0.532 Thread 0x00007fc0bc856000 nmethod 218 0x00000001171f8810 code [0x00000001171f8960, 0x00000001171f8a70]
Event: 0.532 Thread 0x00007fc0bc856000  219   !   3       java.util.WeakHashMap::expungeStaleEntries (139 bytes)
Event: 0.533 Thread 0x00007fc0bc856000 nmethod 219 0x00000001171f8ad0 code [0x00000001171f8ca0, 0x00000001171f97c8]
Event: 0.578 Thread 0x00007fc0bc856000  220       1       java.lang.reflect.Method::getDeclaringClass (5 bytes)
Event: 0.578 Thread 0x00007fc0bc856000 nmethod 220 0x00000001171f9e10 code [0x00000001171f9f60, 0x00000001171fa070]

GC Heap History (0 events):
No events

Deoptimization events (0 events):
No events

Internal exceptions (6 events):
Event: 0.039 Thread 0x00007fc0bd806000 Exception <a 'java/lang/NoSuchMethodError': Method sun.misc.Unsafe.defineClass(Ljava/lang/String;[BII)Ljava/lang/Class; name or signature does not match> (0x000000076ab07ca8) thrown at [/Users/java_re/workspace/8-2-build-macosx-x86_64/jdk8u121/8372/hotspo
Event: 0.039 Thread 0x00007fc0bd806000 Exception <a 'java/lang/NoSuchMethodError': Method sun.misc.Unsafe.prefetchRead(Ljava/lang/Object;J)V name or signature does not match> (0x000000076ab07f90) thrown at [/Users/java_re/workspace/8-2-build-macosx-x86_64/jdk8u121/8372/hotspot/src/share/vm/pri
Event: 0.226 Thread 0x00007fc0bd806000 Exception <a 'java/security/PrivilegedActionException'> (0x000000076adc1408) thrown at [/Users/java_re/workspace/8-2-build-macosx-x86_64/jdk8u121/8372/hotspot/src/share/vm/prims/jvm.cpp, line 1390]
Event: 0.226 Thread 0x00007fc0bd806000 Exception <a 'java/security/PrivilegedActionException'> (0x000000076adc1618) thrown at [/Users/java_re/workspace/8-2-build-macosx-x86_64/jdk8u121/8372/hotspot/src/share/vm/prims/jvm.cpp, line 1390]
Event: 0.226 Thread 0x00007fc0bd806000 Exception <a 'java/security/PrivilegedActionException'> (0x000000076adc4948) thrown at [/Users/java_re/workspace/8-2-build-macosx-x86_64/jdk8u121/8372/hotspot/src/share/vm/prims/jvm.cpp, line 1390]
Event: 0.226 Thread 0x00007fc0bd806000 Exception <a 'java/security/PrivilegedActionException'> (0x000000076adc4b58) thrown at [/Users/java_re/workspace/8-2-build-macosx-x86_64/jdk8u121/8372/hotspot/src/share/vm/prims/jvm.cpp, line 1390]

Events (10 events):
Event: 0.435 loading class sun/reflect/UnsafeShortFieldAccessorImpl
Event: 0.446 loading class sun/reflect/UnsafeShortFieldAccessorImpl done
Event: 0.469 loading class com/sun/jna/Structure$StructureSet
Event: 0.469 loading class com/sun/jna/Structure$StructureSet done
Event: 0.531 loading class com/sun/jna/Function$PostCallRead
Event: 0.531 loading class com/sun/jna/Function$PostCallRead done
Event: 0.531 loading class irma/PrivateKey
Event: 0.531 loading class irma/PrivateKey done
Event: 0.609 loading class irma/PublicKey
Event: 0.609 loading class irma/PublicKey done


Dynamic libraries:
0x000000001a269000 	/System/Library/Frameworks/Cocoa.framework/Versions/A/Cocoa
0x000000001a269000 	/System/Library/Frameworks/Security.framework/Versions/A/Security
0x000000001a269000 	/System/Library/Frameworks/ApplicationServices.framework/Versions/A/ApplicationServices
0x000000001a269000 	/usr/lib/libz.1.dylib
0x000000001a269000 	/usr/lib/libSystem.B.dylib
0x000000001a269000 	/usr/lib/libobjc.A.dylib
0x000000001a269000 	/System/Library/Frameworks/CoreFoundation.framework/Versions/A/CoreFoundation
0x000000001a269000 	/System/Library/Frameworks/Foundation.framework/Versions/C/Foundation
0x000000001a269000 	/System/Library/Frameworks/AppKit.framework/Versions/C/AppKit
0x000000001a269000 	/System/Library/Frameworks/CoreData.framework/Versions/A/CoreData
0x000000001a269000 	/System/Library/PrivateFrameworks/RemoteViewServices.framework/Versions/A/RemoteViewServices
0x000000001a269000 	/System/Library/PrivateFrameworks/UIFoundation.framework/Versions/A/UIFoundation
0x000000001a269000 	/System/Library/PrivateFrameworks/DFRFoundation.framework/Versions/A/DFRFoundation
0x000000001a269000 	/usr/lib/libenergytrace.dylib
0x000000001a269000 	/System/Library/PrivateFrameworks/SkyLight.framework/Versions/A/SkyLight
0x000000001a269000 	/System/Library/Frameworks/CoreGraphics.framework/Versions/A/CoreGraphics
0x000000001a269000 	/usr/lib/libScreenReader.dylib
0x000000001a269000 	/System/Library/Frameworks/Accelerate.framework/Versions/A/Accelerate
0x000000001a269000 	/System/Library/Frameworks/IOSurface.framework/Versions/A/IOSurface
0x000000001a269000 	/System/Library/Frameworks/AudioToolbox.framework/Versions/A/AudioToolbox
0x000000001a269000 	/System/Library/Frameworks/AudioUnit.framework/Versions/A/AudioUnit
0x000000001a269000 	/System/Library/PrivateFrameworks/DataDetectorsCore.framework/Versions/A/DataDetectorsCore
0x000000001a269000 	/System/Library/PrivateFrameworks/DesktopServicesPriv.framework/Versions/A/DesktopServicesPriv
0x000000001a269000 	/System/Library/Frameworks/Carbon.framework/Versions/A/Frameworks/HIToolbox.framework/Versions/A/HIToolbox
0x000000001a269000 	/usr/lib/libicucore.A.dylib
0x000000001a269000 	/System/Library/Frameworks/QuartzCore.framework/Versions/A/QuartzCore
0x000000001a269000 	/System/Library/Frameworks/Carbon.framework/Versions/A/Frameworks/SpeechRecognition.framework/Versions/A/SpeechRecognition
0x000000001a269000 	/usr/lib/libauto.dylib
0x000000001a269000 	/usr/lib/libxml2.2.dylib
0x000000001a269000 	/System/Library/PrivateFrameworks/CoreUI.framework/Versions/A/CoreUI
0x000000001a269000 	/System/Library/Frameworks/CoreAudio.framework/Versions/A/CoreAudio
0x000000001a269000 	/System/Library/Frameworks/DiskArbitration.framework/Versions/A/DiskArbitration
0x000000001a269000 	/usr/lib/liblangid.dylib
0x000000001a269000 	/System/Library/PrivateFrameworks/MultitouchSupport.framework/Versions/A/MultitouchSupport
0x000000001a269000 	/System/Library/Frameworks/IOKit.framework/Versions/A/IOKit
0x000000001a269000 	/usr/lib/libDiagnosticMessagesClient.dylib
0x000000001a269000 	/System/Library/Frameworks/CoreServices.framework/Versions/A/CoreServices
0x000000001a269000 	/System/Library/PrivateFrameworks/PerformanceAnalysis.framework/Versions/A/PerformanceAnalysis
0x000000001a269000 	/System/Library/PrivateFrameworks/GenerationalStorage.framework/Versions/A/GenerationalStorage
0x000000001a269000 	/System/Library/Frameworks/OpenGL.framework/Versions/A/OpenGL
0x000000001a269000 	/System/Library/Frameworks/CoreImage.framework/Versions/A/CoreImage
0x000000001a269000 	/System/Library/Frameworks/CoreText.framework/Versions/A/CoreText
0x000000001a269000 	/System/Library/Frameworks/ImageIO.framework/Versions/A/ImageIO
0x000000001a269000 	/System/Library/PrivateFrameworks/Backup.framework/Versions/A/Backup
0x000000001a269000 	/usr/lib/libarchive.2.dylib
0x000000001a269000 	/System/Library/Frameworks/CFNetwork.framework/Versions/A/CFNetwork
0x000000001a269000 	/System/Library/Frameworks/SystemConfiguration.framework/Versions/A/SystemConfiguration
0x000000001a269000 	/usr/lib/libCRFSuite.dylib
0x000000001a269000 	/usr/lib/libc++.1.dylib
0x000000001a269000 	/usr/lib/libc++abi.dylib
0x000000001a269000 	/usr/lib/system/libcache.dylib
0x000000001a269000 	/usr/lib/system/libcommonCrypto.dylib
0x000000001a269000 	/usr/lib/system/libcompiler_rt.dylib
0x000000001a269000 	/usr/lib/system/libcopyfile.dylib
0x000000001a269000 	/usr/lib/system/libcorecrypto.dylib
0x000000001a269000 	/usr/lib/system/libdispatch.dylib
0x000000001a269000 	/usr/lib/system/libdyld.dylib
0x000000001a269000 	/usr/lib/system/libkeymgr.dylib
0x000000001a269000 	/usr/lib/system/liblaunch.dylib
0x000000001a269000 	/usr/lib/system/libmacho.dylib
0x000000001a269000 	/usr/lib/system/libquarantine.dylib
0x000000001a269000 	/usr/lib/system/libremovefile.dylib
0x000000001a269000 	/usr/lib/system/libsystem_asl.dylib
0x000000001a269000 	/usr/lib/system/libsystem_blocks.dylib
0x000000001a269000 	/usr/lib/system/libsystem_c.dylib
0x000000001a269000 	/usr/lib/system/libsystem_configuration.dylib
0x000000001a269000 	/usr/lib/system/libsystem_coreservices.dylib
0x000000001a269000 	/usr/lib/system/libsystem_coretls.dylib
0x000000001a269000 	/usr/lib/system/libsystem_dnssd.dylib
0x000000001a269000 	/usr/lib/system/libsystem_info.dylib
0x000000001a269000 	/usr/lib/system/libsystem_kernel.dylib
0x000000001a269000 	/usr/lib/system/libsystem_m.dylib
0x000000001a269000 	/usr/lib/system/libsystem_malloc.dylib
0x000000001a269000 	/usr/lib/system/libsystem_network.dylib
0x000000001a269000 	/usr/lib/system/libsystem_networkextension.dylib
0x000000001a269000 	/usr/lib/system/libsystem_notify.dylib
0x000000001a269000 	/usr/lib/system/libsystem_platform.dylib
0x000000001a269000 	/usr/lib/system/libsystem_pthread.dylib
0x000000001a269000 	/usr/lib/system/libsystem_sandbox.dylib
0x000000001a269000 	/usr/lib/system/libsystem_secinit.dylib
0x000000001a269000 	/usr/lib/system/libsystem_symptoms.dylib
0x000000001a269000 	/usr/lib/system/libsystem_trace.dylib
0x000000001a269000 	/usr/lib/system/libunwind.dylib
0x000000001a269000 	/usr/lib/system/libxpc.dylib
0x000000001a269000 	/usr/lib/libbsm.0.dylib
0x000000001a269000 	/usr/lib/system/libkxld.dylib
0x000000001a269000 	/usr/lib/libcoretls.dylib
0x000000001a269000 	/usr/lib/libcoretls_cfhelpers.dylib
0x000000001a269000 	/usr/lib/libOpenScriptingUtil.dylib
0x000000001a269000 	/usr/lib/libpam.2.dylib
0x000000001a269000 	/usr/lib/libsqlite3.dylib
0x000000001a269000 	/usr/lib/libxar.1.dylib
0x000000001a269000 	/usr/lib/libbz2.1.0.dylib
0x000000001a269000 	/usr/lib/liblzma.5.dylib
0x000000001a269000 	/usr/lib/libnetwork.dylib
0x000000001a269000 	/usr/lib/libpcap.A.dylib
0x000000001a269000 	/System/Library/Frameworks/CoreServices.framework/Versions/A/Frameworks/FSEvents.framework/Versions/A/FSEvents
0x000000001a269000 	/System/Library/Frameworks/CoreServices.framework/Versions/A/Frameworks/CarbonCore.framework/Versions/A/CarbonCore
0x000000001a269000 	/System/Library/Frameworks/CoreServices.framework/Versions/A/Frameworks/Metadata.framework/Versions/A/Metadata
0x000000001a269000 	/System/Library/Frameworks/CoreServices.framework/Versions/A/Frameworks/OSServices.framework/Versions/A/OSServices
0x000000001a269000 	/System/Library/Frameworks/CoreServices.framework/Versions/A/Frameworks/SearchKit.framework/Versions/A/SearchKit
0x000000001a269000 	/System/Library/Frameworks/CoreServices.framework/Versions/A/Frameworks/AE.framework/Versions/A/AE
0x000000001a269000 	/System/Library/Frameworks/CoreServices.framework/Versions/A/Frameworks/LaunchServices.framework/Versions/A/LaunchServices
0x000000001a269000 	/System/Library/Frameworks/CoreServices.framework/Versions/A/Frameworks/DictionaryServices.framework/Versions/A/DictionaryServices
0x000000001a269000 	/System/Library/Frameworks/CoreServices.framework/Versions/A/Frameworks/SharedFileList.framework/Versions/A/SharedFileList
0x000000001a269000 	/System/Library/Frameworks/NetFS.framework/Versions/A/NetFS
0x000000001a269000 	/System/Library/PrivateFrameworks/NetAuth.framework/Versions/A/NetAuth
0x000000001a269000 	/System/Library/PrivateFrameworks/login.framework/Versions/A/Frameworks/loginsupport.framework/Versions/A/loginsupport
0x000000001a269000 	/System/Library/PrivateFrameworks/TCC.framework/Versions/A/TCC
0x000000001a269000 	/usr/lib/libmecabra.dylib
0x000000001a269000 	/System/Library/Frameworks/ApplicationServices.framework/Versions/A/Frameworks/ATS.framework/Versions/A/ATS
0x000000001a269000 	/System/Library/Frameworks/ApplicationServices.framework/Versions/A/Frameworks/ColorSync.framework/Versions/A/ColorSync
0x000000001a269000 	/System/Library/Frameworks/ApplicationServices.framework/Versions/A/Frameworks/HIServices.framework/Versions/A/HIServices
0x000000001a269000 	/System/Library/Frameworks/ApplicationServices.framework/Versions/A/Frameworks/LangAnalysis.framework/Versions/A/LangAnalysis
0x000000001a269000 	/System/Library/Frameworks/ApplicationServices.framework/Versions/A/Frameworks/PrintCore.framework/Versions/A/PrintCore
0x000000001a269000 	/System/Library/Frameworks/ApplicationServices.framework/Versions/A/Frameworks/QD.framework/Versions/A/QD
0x000000001a269000 	/System/Library/Frameworks/ApplicationServices.framework/Versions/A/Frameworks/SpeechSynthesis.framework/Versions/A/SpeechSynthesis
0x000000001a269000 	/System/Library/Frameworks/Accelerate.framework/Versions/A/Frameworks/vImage.framework/Versions/A/vImage
0x000000001a269000 	/System/Library/Frameworks/Accelerate.framework/Versions/A/Frameworks/vecLib.framework/Versions/A/vecLib
0x000000001a269000 	/System/Library/Frameworks/Accelerate.framework/Versions/A/Frameworks/vecLib.framework/Versions/A/libvDSP.dylib
0x000000001a269000 	/System/Library/Frameworks/Accelerate.framework/Versions/A/Frameworks/vecLib.framework/Versions/A/libBNNS.dylib
0x000000001a269000 	/System/Library/Frameworks/Accelerate.framework/Versions/A/Frameworks/vecLib.framework/Versions/A/libQuadrature.dylib
0x000000001a269000 	/System/Library/Frameworks/Accelerate.framework/Versions/A/Frameworks/vecLib.framework/Versions/A/libvMisc.dylib
0x000000001a269000 	/System/Library/Frameworks/Accelerate.framework/Versions/A/Frameworks/vecLib.framework/Versions/A/libLAPACK.dylib
0x000000001a269000 	/System/Library/Frameworks/Accelerate.framework/Versions/A/Frameworks/vecLib.framework/Versions/A/libBLAS.dylib
0x000000001a269000 	/System/Library/Frameworks/Accelerate.framework/Versions/A/Frameworks/vecLib.framework/Versions/A/libLinearAlgebra.dylib
0x000000001a269000 	/System/Library/Frameworks/Accelerate.framework/Versions/A/Frameworks/vecLib.framework/Versions/A/libSparseBLAS.dylib
0x000000001a269000 	/System/Library/Frameworks/ApplicationServices.framework/Versions/A/Frameworks/ATS.framework/Versions/A/Resources/libFontParser.dylib
0x000000001a269000 	/System/Library/Frameworks/ApplicationServices.framework/Versions/A/Frameworks/ATS.framework/Versions/A/Resources/libFontRegistry.dylib
0x000000001a269000 	/System/Library/Frameworks/ImageIO.framework/Versions/A/Resources/libJPEG.dylib
0x000000001a269000 	/System/Library/Frameworks/ImageIO.framework/Versions/A/Resources/libTIFF.dylib
0x000000001a269000 	/System/Library/Frameworks/ImageIO.framework/Versions/A/Resources/libPng.dylib
0x000000001a269000 	/System/Library/Frameworks/ImageIO.framework/Versions/A/Resources/libGIF.dylib
0x000000001a269000 	/System/Library/Frameworks/ImageIO.framework/Versions/A/Resources/libJP2.dylib
0x000000001a269000 	/System/Library/Frameworks/ImageIO.framework/Versions/A/Resources/libRadiance.dylib
0x000000001a269000 	/usr/lib/libcompression.dylib
0x000000001a269000 	/System/Library/PrivateFrameworks/AppleJPEG.framework/Versions/A/AppleJPEG
0x000000001a269000 	/usr/lib/libcups.2.dylib
0x000000001a269000 	/System/Library/Frameworks/Kerberos.framework/Versions/A/Kerberos
0x000000001a269000 	/System/Library/Frameworks/GSS.framework/Versions/A/GSS
0x000000001a269000 	/usr/lib/libresolv.9.dylib
0x000000001a269000 	/usr/lib/libiconv.2.dylib
0x000000001a269000 	/System/Library/PrivateFrameworks/Heimdal.framework/Versions/A/Heimdal
0x000000001a269000 	/usr/lib/libheimdal-asn1.dylib
0x000000001a269000 	/System/Library/Frameworks/OpenDirectory.framework/Versions/A/OpenDirectory
0x000000001a269000 	/System/Library/PrivateFrameworks/CommonAuth.framework/Versions/A/CommonAuth
0x000000001a269000 	/System/Library/Frameworks/OpenDirectory.framework/Versions/A/Frameworks/CFOpenDirectory.framework/Versions/A/CFOpenDirectory
0x000000001a269000 	/System/Library/Frameworks/SecurityFoundation.framework/Versions/A/SecurityFoundation
0x000000001a269000 	/System/Library/PrivateFrameworks/LanguageModeling.framework/Versions/A/LanguageModeling
0x000000001a269000 	/usr/lib/libmarisa.dylib
0x000000001a269000 	/usr/lib/libChineseTokenizer.dylib
0x000000001a269000 	/usr/lib/libcmph.dylib
0x000000001a269000 	/System/Library/PrivateFrameworks/CoreEmoji.framework/Versions/A/CoreEmoji
0x000000001a269000 	/System/Library/Frameworks/ServiceManagement.framework/Versions/A/ServiceManagement
0x000000001a269000 	/usr/lib/libxslt.1.dylib
0x000000001a269000 	/System/Library/Frameworks/Carbon.framework/Versions/A/Frameworks/Ink.framework/Versions/A/Ink
0x000000001a269000 	/System/Library/PrivateFrameworks/TextureIO.framework/Versions/A/TextureIO
0x000000001a269000 	/System/Library/Frameworks/Metal.framework/Versions/A/Metal
0x000000001a269000 	/usr/lib/libate.dylib
0x000000001a269000 	/System/Library/PrivateFrameworks/GPUCompiler.framework/libmetal_timestamp.dylib
0x000000001a269000 	/System/Library/Frameworks/OpenGL.framework/Versions/A/Libraries/libCoreFSCache.dylib
0x000000001a269000 	/System/Library/PrivateFrameworks/IOAccelerator.framework/Versions/A/IOAccelerator
0x000000001a269000 	/System/Library/Frameworks/CoreVideo.framework/Versions/A/CoreVideo
0x000000001a269000 	/usr/lib/libFosl_dynamic.dylib
0x000000001a269000 	/System/Library/PrivateFrameworks/MetalPerformanceShaders.framework/Versions/A/MetalPerformanceShaders
0x000000001a269000 	/System/Library/PrivateFrameworks/FaceCore.framework/Versions/A/FaceCore
0x000000001a269000 	/System/Library/Frameworks/OpenCL.framework/Versions/A/OpenCL
0x000000001a269000 	/System/Library/Frameworks/OpenGL.framework/Versions/A/Libraries/libGLU.dylib
0x000000001a269000 	/System/Library/Frameworks/OpenGL.framework/Versions/A/Libraries/libGFXShared.dylib
0x000000001a269000 	/System/Library/Frameworks/OpenGL.framework/Versions/A/Libraries/libGL.dylib
0x000000001a269000 	/System/Library/Frameworks/OpenGL.framework/Versions/A/Libraries/libGLImage.dylib
0x000000001a269000 	/System/Library/Frameworks/OpenGL.framework/Versions/A/Libraries/libCVMSPluginSupport.dylib
0x000000001a269000 	/System/Library/Frameworks/OpenGL.framework/Versions/A/Libraries/libCoreVMClient.dylib
0x000000001a269000 	/System/Library/PrivateFrameworks/CrashReporterSupport.framework/Versions/A/CrashReporterSupport
0x000000001a269000 	/System/Library/PrivateFrameworks/Sharing.framework/Versions/A/Sharing
0x000000001a269000 	/System/Library/PrivateFrameworks/IconServices.framework/Versions/A/IconServices
0x000000001a269000 	/System/Library/PrivateFrameworks/ProtocolBuffer.framework/Versions/A/ProtocolBuffer
0x000000001a269000 	/System/Library/PrivateFrameworks/Apple80211.framework/Versions/A/Apple80211
0x000000001a269000 	/System/Library/Frameworks/CoreWLAN.framework/Versions/A/CoreWLAN
0x000000001a269000 	/System/Library/PrivateFrameworks/CoreUtils.framework/Versions/A/CoreUtils
0x000000001a269000 	/System/Library/Frameworks/IOBluetooth.framework/Versions/A/IOBluetooth
0x000000001a269000 	/System/Library/PrivateFrameworks/CoreWiFi.framework/Versions/A/CoreWiFi
0x000000001a269000 	/System/Library/Frameworks/CoreBluetooth.framework/Versions/A/CoreBluetooth
0x000000001a269000 	/System/Library/Frameworks/CoreDisplay.framework/Versions/A/CoreDisplay
0x000000001a269000 	/System/Library/PrivateFrameworks/IOPresentment.framework/Versions/A/IOPresentment
0x000000001a269000 	/System/Library/PrivateFrameworks/DSExternalDisplay.framework/Versions/A/DSExternalDisplay
0x000000001a269000 	/System/Library/PrivateFrameworks/DebugSymbols.framework/Versions/A/DebugSymbols
0x000000001a269000 	/System/Library/PrivateFrameworks/CoreSymbolication.framework/Versions/A/CoreSymbolication
0x000000001a269000 	/System/Library/PrivateFrameworks/Symbolication.framework/Versions/A/Symbolication
0x000000001a269000 	/System/Library/PrivateFrameworks/AppleFSCompression.framework/Versions/A/AppleFSCompression
0x000000001a269000 	/System/Library/PrivateFrameworks/SpeechRecognitionCore.framework/Versions/A/SpeechRecognitionCore
0x000000001a269000 	/System/Library/PrivateFrameworks/ChunkingLibrary.framework/Versions/A/ChunkingLibrary
0x000000010a012000 	/Library/Java/JavaVirtualMachines/jdk1.8.0_121.jdk/Contents/Home/jre/lib/server/libjvm.dylib
0x000000001a269000 	/usr/lib/libstdc++.6.dylib
0x000000010afb4000 	/Library/Java/JavaVirtualMachines/jdk1.8.0_121.jdk/Contents/Home/jre/lib/libverify.dylib
0x000000010afc2000 	/Library/Java/JavaVirtualMachines/jdk1.8.0_121.jdk/Contents/Home/jre/lib/libjava.dylib
0x000000010b800000 	/Library/Java/JavaVirtualMachines/jdk1.8.0_121.jdk/Contents/Home/jre/lib/libinstrument.dylib
0x000000010b85c000 	/Library/Java/JavaVirtualMachines/jdk1.8.0_121.jdk/Contents/Home/jre/lib/libzip.dylib
0x0000000116c73000 	/System/Library/Frameworks/JavaVM.framework/Frameworks/JavaRuntimeSupport.framework/JavaRuntimeSupport
0x0000000116c8d000 	/System/Library/Frameworks/JavaVM.framework/Versions/A/Frameworks/JavaNativeFoundation.framework/Versions/A/JavaNativeFoundation
0x0000000116ca2000 	/System/Library/Frameworks/JavaVM.framework/Versions/A/JavaVM
0x000000001a269000 	/System/Library/Frameworks/Carbon.framework/Versions/A/Carbon
0x0000000116caf000 	/System/Library/PrivateFrameworks/JavaLaunching.framework/Versions/A/JavaLaunching
0x000000001a269000 	/System/Library/Frameworks/Carbon.framework/Versions/A/Frameworks/CommonPanels.framework/Versions/A/CommonPanels
0x000000001a269000 	/System/Library/Frameworks/Carbon.framework/Versions/A/Frameworks/Help.framework/Versions/A/Help
0x000000001a269000 	/System/Library/Frameworks/Carbon.framework/Versions/A/Frameworks/ImageCapture.framework/Versions/A/ImageCapture
0x000000001a269000 	/System/Library/Frameworks/Carbon.framework/Versions/A/Frameworks/OpenScripting.framework/Versions/A/OpenScripting
0x000000001a269000 	/System/Library/Frameworks/Carbon.framework/Versions/A/Frameworks/Print.framework/Versions/A/Print
0x000000001a269000 	/System/Library/Frameworks/Carbon.framework/Versions/A/Frameworks/SecurityHI.framework/Versions/A/SecurityHI
0x0000000116e1f000 	/Library/Java/JavaVirtualMachines/jdk1.8.0_121.jdk/Contents/Home/jre/lib/libnet.dylib
0x0000000116e82000 	/private/var/folders/80/pn7s2vsj085b_mqsbp57jkj00000gn/T/jna-108281527/jna5852489934555819026.tmp
0x0000000127936000 	/Users/raoul/Workspace/irma/irma/build/resources/main/librelic.dylib

VM Arguments:
jvm_args: -javaagent:/Applications/IntelliJ IDEA CE.app/Contents/lib/idea_rt.jar=64265:/Applications/IntelliJ IDEA CE.app/Contents/bin -Dfile.encoding=UTF-8 
java_command: relic.HelloWorld
java_class_path (initial): /Library/Java/JavaVirtualMachines/jdk1.8.0_121.jdk/Contents/Home/jre/lib/charsets.jar:/Library/Java/JavaVirtualMachines/jdk1.8.0_121.jdk/Contents/Home/jre/lib/deploy.jar:/Library/Java/JavaVirtualMachines/jdk1.8.0_121.jdk/Contents/Home/jre/lib/ext/cldrdata.jar:/Library/Java/JavaVirtualMachines/jdk1.8.0_121.jdk/Contents/Home/jre/lib/ext/dnsns.jar:/Library/Java/JavaVirtualMachines/jdk1.8.0_121.jdk/Contents/Home/jre/lib/ext/jaccess.jar:/Library/Java/JavaVirtualMachines/jdk1.8.0_121.jdk/Contents/Home/jre/lib/ext/jfxrt.jar:/Library/Java/JavaVirtualMachines/jdk1.8.0_121.jdk/Contents/Home/jre/lib/ext/localedata.jar:/Library/Java/JavaVirtualMachines/jdk1.8.0_121.jdk/Contents/Home/jre/lib/ext/nashorn.jar:/Library/Java/JavaVirtualMachines/jdk1.8.0_121.jdk/Contents/Home/jre/lib/ext/sunec.jar:/Library/Java/JavaVirtualMachines/jdk1.8.0_121.jdk/Contents/Home/jre/lib/ext/sunjce_provider.jar:/Library/Java/JavaVirtualMachines/jdk1.8.0_121.jdk/Contents/Home/jre/lib/ext/sunpkcs11.jar:/Library/Java/JavaVirtualMachines/jdk1.8.0_121.jdk/Contents/Home/jre/lib/ext/zipfs.jar:/Library/Java/JavaVirtualMachines/jdk1.8.0_121.jdk/Contents/Home/jre/lib/javaws.jar:/Library/Java/JavaVirtualMachines/jdk1.8.0_121.jdk/Contents/Home/jre/lib/jce.jar:/Library/Java/JavaVirtualMachines/jdk1.8.0_121.jdk/Contents/Home/jre/lib/jfr.jar:/Library/Java/JavaVirtualMachines/jdk1.8.0_121.jdk/Contents/Home/jre/lib/jfxswt.jar:/Library/Java/JavaVirtualMachines/jdk1.8.0_121.jdk/Contents/Home/jre/lib/jsse.jar:/Library/Java/JavaVirtualMachines/jdk1.8.0_121.jdk/Contents/Home/jre/lib/management-agent.jar:/Library/Java/JavaVirtualMachines/jdk1.8.0_121.jdk/Contents/Home/jre/lib/plugin.jar:/Library/Java/JavaVirtualMachines/jdk1.8.0_121.jdk/Contents/Home/jre/lib/resources.jar:/Library/Java/JavaVirtualMachines/jdk1.8.0_121.jdk/Contents/Home/jre/lib/rt.jar:/Library/Java/JavaVirtualMachines/jdk1.8.0_121.jdk/Contents/Home/lib/ant-javafx.jar:/Library/Java/JavaVirtualMachines/jdk1.8.0_121.jdk/Contents/Home
Launcher Type: SUN_STANDARD

Environment Variables:
PATH=/usr/local/bin:/Users/raoul/.rvm/gems/ruby-2.1.2/bin:/Users/raoul/.rvm/gems/ruby-2.1.2@global/bin:/Users/raoul/.rvm/rubies/ruby-2.1.2/bin:/usr/bin:/bin:/usr/sbin:/sbin:/usr/local/bin:~/bin:/usr/texbin:/Users/raoul/.rvm/bin:/Applications/HP_Fortify/HP_Fortify_SCA_and_Apps_4.10/bin:/Applications/HP_Fortify/HP_Fortify_SCA_and_Apps_4.10/bin
SHELL=/bin/bash

Signal Handlers:
SIGSEGV: [libjvm.dylib+0x5b1141], sa_mask[0]=11111111011111110111111111111111, sa_flags=SA_ONSTACK|SA_RESTART|SA_SIGINFO
SIGBUS: [libjvm.dylib+0x5b1141], sa_mask[0]=11111111011111110111111111111111, sa_flags=SA_RESTART|SA_SIGINFO
SIGFPE: [libjvm.dylib+0x487bc4], sa_mask[0]=11111111011111110111111111111111, sa_flags=SA_RESTART|SA_SIGINFO
SIGPIPE: [libjvm.dylib+0x487bc4], sa_mask[0]=11111111011111110111111111111111, sa_flags=SA_RESTART|SA_SIGINFO
SIGXFSZ: [libjvm.dylib+0x487bc4], sa_mask[0]=11111111011111110111111111111111, sa_flags=SA_RESTART|SA_SIGINFO
SIGILL: [libjvm.dylib+0x487bc4], sa_mask[0]=11111111011111110111111111111111, sa_flags=SA_RESTART|SA_SIGINFO
SIGUSR1: SIG_DFL, sa_mask[0]=00000000000000000000000000000000, sa_flags=none
SIGUSR2: [libjvm.dylib+0x4876e2], sa_mask[0]=00100000000000000000000000000000, sa_flags=SA_RESTART|SA_SIGINFO
SIGHUP: [libjvm.dylib+0x485cb9], sa_mask[0]=11111111011111110111111111111111, sa_flags=SA_RESTART|SA_SIGINFO
SIGINT: [libjvm.dylib+0x485cb9], sa_mask[0]=11111111011111110111111111111111, sa_flags=SA_RESTART|SA_SIGINFO
SIGTERM: [libjvm.dylib+0x485cb9], sa_mask[0]=11111111011111110111111111111111, sa_flags=SA_RESTART|SA_SIGINFO
SIGQUIT: [libjvm.dylib+0x485cb9], sa_mask[0]=11111111011111110111111111111111, sa_flags=SA_RESTART|SA_SIGINFO


---------------  S Y S T E M  ---------------

OS:Bsduname:Darwin 16.5.0 Darwin Kernel Version 16.5.0: Fri Mar  3 16:52:33 PST 2017; root:xnu-3789.51.2~3/RELEASE_X86_64 x86_64
rlimit: STACK 8192k, CORE 0k, NPROC 709, NOFILE 10240, AS infinity
load average:1.74 1.73 1.89

CPU:total 4 (2 cores per cpu, 2 threads per core) family 6 model 69 stepping 1, cmov, cx8, fxsr, mmx, sse, sse2, sse3, ssse3, sse4.1, sse4.2, popcnt, avx, avx2, aes, clmul, erms, lzcnt, ht, tsc, tscinvbit, bmi1, bmi2

Memory: 4k page, physical 16777216k(1961680k free)

/proc/meminfo:


vm_info: Java HotSpot(TM) 64-Bit Server VM (25.121-b13) for bsd-amd64 JRE (1.8.0_121-b13), built on Dec 12 2016 20:39:32 by "java_re" with gcc 4.2.1 (Based on Apple Inc. build 5658) (LLVM build 2336.11.00)

time: Sat May  6 17:52:57 2017
elapsed time: 0 seconds (0d 0h 0m 0s)

